<?xml version="1.0" encoding="UTF-8" ?>
<testsuite tests="8" failures="0" name="edu.chl.hajo.shop.core.TestShopPersistence" time="7.622" errors="0" skipped="0">
  <properties>
[...]
</properties>
  <testcase classname="edu.chl.hajo.shop.core.TestShopPersistence" name="testPersistAProduct" time="0.692"/>
  <testcase classname="edu.chl.hajo.shop.core.TestShopPersistence" name="testDeleteProduct" time="0.05"/>
  <testcase classname="edu.chl.hajo.shop.core.TestShopPersistence" name="testUpdateProduct" time="0.046"/>
  <testcase classname="edu.chl.hajo.shop.core.TestShopPersistence" name="findAll" time="0.073"/>
  <testcase classname="edu.chl.hajo.shop.core.TestShopPersistence" name="testProductGetByName" time="0.042"/>
  <testcase classname="edu.chl.hajo.shop.core.TestShopPersistence" name="testFindRange" time="0.12"/>
  <testcase classname="edu.chl.hajo.shop.core.TestShopPersistence" name="testCount" time="0.09"/>
  <testcase classname="edu.chl.hajo.shop.core.TestShopPersistence" name="find" time="0.042"/>
</testsuite>